Using pre-set license
Built from '2020.3/staging' branch; Version is '2020.3.11f1 (99c7afb366b3) revision 10078127'; Using compiler version '192528614'; Build Type 'Release'
OS: 'Windows 10 Pro; OS build 19042.1288; Version 2009; 64bit' Language: 'tr' Physical Memory: 16218 MB
BatchMode: 1, IsHumanControllingUs: 0, StartBugReporterOnCrash: 0, Is64bit: 1, IsPro: 0

 COMMAND LINE ARGUMENTS:
C:\Program Files\Unity\Hub\Editor\2020.3.11f1\Editor\Unity.exe
-adb2
-batchMode
-noUpm
-name
AssetImportWorker0
-projectPath
E:/GitHubUnity/CharacterWithSkills
-logFile
Logs/AssetImportWorker0.log
-srvPort
56773
Successfully changed project path to: E:/GitHubUnity/CharacterWithSkills
E:/GitHubUnity/CharacterWithSkills
Using Asset Import Pipeline V2.
Refreshing native plugins compatible for Editor in 38.86 ms, found 2 plugins.
Preloading 0 native plugins for Editor in 0.00 ms.
Initialize engine version: 2020.3.11f1 (99c7afb366b3)
[Subsystems] Discovering subsystems at path C:/Program Files/Unity/Hub/Editor/2020.3.11f1/Editor/Data/Resources/UnitySubsystems
[Subsystems] Discovering subsystems at path E:/GitHubUnity/CharacterWithSkills/Assets
GfxDevice: creating device client; threaded=0
Direct3D:
    Version:  Direct3D 11.0 [level 11.1]
    Renderer: NVIDIA GeForce GTX 1650 Ti (ID=0x1f95)
    Vendor:   
    VRAM:     3962 MB
    Driver:   27.21.14.5167
Initialize mono
Mono path[0] = 'C:/Program Files/Unity/Hub/Editor/2020.3.11f1/Editor/Data/Managed'
Mono path[1] = 'C:/Program Files/Unity/Hub/Editor/2020.3.11f1/Editor/Data/MonoBleedingEdge/lib/mono/unityjit'
Mono config path = 'C:/Program Files/Unity/Hub/Editor/2020.3.11f1/Editor/Data/MonoBleedingEdge/etc'
Using monoOptions --debugger-agent=transport=dt_socket,embedding=1,server=y,suspend=n,address=127.0.0.1:56532
Begin MonoManager ReloadAssembly
Registering precompiled unity dll's ...
Register platform support module: C:/Program Files/Unity/Hub/Editor/2020.3.11f1/Editor/Data/PlaybackEngines/WebGLSupport/UnityEditor.WebGL.Extensions.dll
Register platform support module: C:/Program Files/Unity/Hub/Editor/2020.3.11f1/Editor/Data/PlaybackEngines/WindowsStandaloneSupport/UnityEditor.WindowsStandalone.Extensions.dll
Registered in 0.001995 seconds.
Native extension for WindowsStandalone target not found
Native extension for WebGL target not found
Refreshing native plugins compatible for Editor in 27.99 ms, found 2 plugins.
Preloading 0 native plugins for Editor in 0.00 ms.
Mono: successfully reloaded assembly
- Completed reload, in  1.604 seconds
Platform modules already initialized, skipping
Registering precompiled user dll's ...
Registered in 0.001864 seconds.
Begin MonoManager ReloadAssembly
Native extension for WindowsStandalone target not found
Native extension for WebGL target not found
Refreshing native plugins compatible for Editor in 0.50 ms, found 2 plugins.
Preloading 0 native plugins for Editor in 0.00 ms.
Mono: successfully reloaded assembly
- Completed reload, in  0.927 seconds
Platform modules already initialized, skipping
========================================================================
Worker process is ready to serve import requests
Launched and connected shader compiler UnityShaderCompiler.exe after 0.03 seconds
Refreshing native plugins compatible for Editor in 0.35 ms, found 2 plugins.
Preloading 0 native plugins for Editor in 0.00 ms.
Unloading 1945 Unused Serialized files (Serialized files now loaded: 0)
System memory in use before: 87.5 MB.
System memory in use after: 87.5 MB.

Unloading 20 unused Assets to reduce memory usage. Loaded Objects now: 2382.
Total: 1.688900 ms (FindLiveObjects: 0.161400 ms CreateObjectMapping: 0.068200 ms MarkObjects: 1.384000 ms  DeleteObjects: 0.074600 ms)

========================================================================
Received Import Request.
  path: Assets/UltraReal/Moba Movement/Demo/Moba Movement Demo.unity
  artifactKey: Guid(b50b28205ddc89641b312f0f4ee4ef3e) Importer(815301076,1909f56bfc062723c751e8b465ee728b)
Start importing Assets/UltraReal/Moba Movement/Demo/Moba Movement Demo.unity using Guid(b50b28205ddc89641b312f0f4ee4ef3e) Importer(815301076,1909f56bfc062723c751e8b465ee728b)  -> (artifact id: '5159ec1d04f7363e3ed899235a9b830f') in 0.014852 seconds
  Import took 0.017272 seconds .

========================================================================
Received Import Request.
  Time since last request: 0.000293 seconds.
  path: Assets/UltraReal/Moba Movement/Demo
  artifactKey: Guid(64ba66152224c2e49a7d801563302ca1) Importer(815301076,1909f56bfc062723c751e8b465ee728b)
Start importing Assets/UltraReal/Moba Movement/Demo using Guid(64ba66152224c2e49a7d801563302ca1) Importer(815301076,1909f56bfc062723c751e8b465ee728b)  -> (artifact id: 'e67d726b89c5453eaf02ea726f80ff32') in 0.008223 seconds
  Import took 0.011078 seconds .

========================================================================
Received Import Request.
  Time since last request: 0.000253 seconds.
  path: Assets/UltraReal
  artifactKey: Guid(f1708ee570afc6b4d818d454bb6c159d) Importer(815301076,1909f56bfc062723c751e8b465ee728b)
Start importing Assets/UltraReal using Guid(f1708ee570afc6b4d818d454bb6c159d) Importer(815301076,1909f56bfc062723c751e8b465ee728b)  -> (artifact id: 'ef15cc38a95080c894abbbc776c7c045') in 0.005914 seconds
  Import took 0.008558 seconds .

========================================================================
Received Import Request.
  Time since last request: 0.000202 seconds.
  path: Assets/UltraReal/Moba Movement
  artifactKey: Guid(77c7176a07054604195c6380514bd791) Importer(815301076,1909f56bfc062723c751e8b465ee728b)
Start importing Assets/UltraReal/Moba Movement using Guid(77c7176a07054604195c6380514bd791) Importer(815301076,1909f56bfc062723c751e8b465ee728b)  -> (artifact id: 'e8b6e449bb5b0062dcc8acaed27fb865') in 0.006059 seconds
  Import took 0.008528 seconds .

========================================================================
Received Prepare
Registering precompiled user dll's ...
Registered in 0.002990 seconds.
Begin MonoManager ReloadAssembly
Native extension for WindowsStandalone target not found
Native extension for WebGL target not found
Refreshing native plugins compatible for Editor in 0.47 ms, found 2 plugins.
Preloading 0 native plugins for Editor in 0.00 ms.
Mono: successfully reloaded assembly
- Completed reload, in  1.231 seconds
Platform modules already initialized, skipping
Refreshing native plugins compatible for Editor in 0.40 ms, found 2 plugins.
Preloading 0 native plugins for Editor in 0.00 ms.
Unloading 1917 Unused Serialized files (Serialized files now loaded: 0)
System memory in use before: 85.2 MB.
System memory in use after: 85.3 MB.

Unloading 15 unused Assets to reduce memory usage. Loaded Objects now: 2386.
Total: 2.376000 ms (FindLiveObjects: 0.213000 ms CreateObjectMapping: 0.092200 ms MarkObjects: 2.007300 ms  DeleteObjects: 0.062500 ms)

========================================================================
Received Import Request.
  Time since last request: 135.047710 seconds.
  path: Assets/UltraReal/Moba Movement/Scripts
  artifactKey: Guid(8e36dd7c43732604bbc1f98b2c01de15) Importer(815301076,1909f56bfc062723c751e8b465ee728b)
Start importing Assets/UltraReal/Moba Movement/Scripts using Guid(8e36dd7c43732604bbc1f98b2c01de15) Importer(815301076,1909f56bfc062723c751e8b465ee728b)  -> (artifact id: '6faeae89fd5c659ad6b175198f145426') in 0.009913 seconds
  Import took 0.013669 seconds .

========================================================================
Received Import Request.
  Time since last request: 0.007921 seconds.
  path: Assets/UltraReal/Moba Movement/Scripts
  artifactKey: Guid(8e36dd7c43732604bbc1f98b2c01de15) Importer(815301076,1909f56bfc062723c751e8b465ee728b)
Start importing Assets/UltraReal/Moba Movement/Scripts using Guid(8e36dd7c43732604bbc1f98b2c01de15) Importer(815301076,1909f56bfc062723c751e8b465ee728b)  -> (artifact id: '6faeae89fd5c659ad6b175198f145426') in 0.002241 seconds
  Import took 0.005031 seconds .

========================================================================
Received Import Request.
  Time since last request: 0.523407 seconds.
  path: Assets/UltraReal/Moba Movement/Scripts/MobaMovement
  artifactKey: Guid(79701487cf38dbc4e9ef32a46a6e78b5) Importer(815301076,1909f56bfc062723c751e8b465ee728b)
Start importing Assets/UltraReal/Moba Movement/Scripts/MobaMovement using Guid(79701487cf38dbc4e9ef32a46a6e78b5) Importer(815301076,1909f56bfc062723c751e8b465ee728b)  -> (artifact id: '312c432f2dd81b8877a70c7e23c802d2') in 0.007024 seconds
  Import took 0.009901 seconds .

========================================================================
Received Import Request.
  Time since last request: 0.618421 seconds.
  path: Assets/UltraReal/Moba Movement/Scripts/MobaMovement/MobaAutoCamTrack.cs
  artifactKey: Guid(ad02a21ec361be047b33ce561ba031fd) Importer(815301076,1909f56bfc062723c751e8b465ee728b)
Start importing Assets/UltraReal/Moba Movement/Scripts/MobaMovement/MobaAutoCamTrack.cs using Guid(ad02a21ec361be047b33ce561ba031fd) Importer(815301076,1909f56bfc062723c751e8b465ee728b)  -> (artifact id: '68d0b583030d9bc95db86b1c41604c23') in 0.025309 seconds
  Import took 0.028438 seconds .

========================================================================
Received Import Request.
  Time since last request: 0.327902 seconds.
  path: Assets/UltraReal/Moba Movement/Scripts/MobaMovement/MobaAnimate.cs
  artifactKey: Guid(24c4d2f31c3dff54ca64b00bdccecf98) Importer(815301076,1909f56bfc062723c751e8b465ee728b)
Start importing Assets/UltraReal/Moba Movement/Scripts/MobaMovement/MobaAnimate.cs using Guid(24c4d2f31c3dff54ca64b00bdccecf98) Importer(815301076,1909f56bfc062723c751e8b465ee728b)  -> (artifact id: 'bca26a3eb43d9f17a3459017512c061f') in 0.007679 seconds
  Import took 0.012138 seconds .

========================================================================
Received Import Request.
  Time since last request: 0.559793 seconds.
  path: Assets/UltraReal/Moba Movement/Scripts/MobaMovement/MobaCameraTrack.cs
  artifactKey: Guid(49dfc23e6c20d52459cf40f9c3fad98e) Importer(815301076,1909f56bfc062723c751e8b465ee728b)
Start importing Assets/UltraReal/Moba Movement/Scripts/MobaMovement/MobaCameraTrack.cs using Guid(49dfc23e6c20d52459cf40f9c3fad98e) Importer(815301076,1909f56bfc062723c751e8b465ee728b)  -> (artifact id: '7b61429224a50f089ad0cc15a426c96d') in 0.006763 seconds
  Import took 0.010180 seconds .

========================================================================
Received Import Request.
  Time since last request: 0.001729 seconds.
  path: Assets/UltraReal/Moba Movement/Scripts/MobaMovement/MobaCameraTrack.cs
  artifactKey: Guid(49dfc23e6c20d52459cf40f9c3fad98e) Importer(815301076,1909f56bfc062723c751e8b465ee728b)
Start importing Assets/UltraReal/Moba Movement/Scripts/MobaMovement/MobaCameraTrack.cs using Guid(49dfc23e6c20d52459cf40f9c3fad98e) Importer(815301076,1909f56bfc062723c751e8b465ee728b)  -> (artifact id: '7b61429224a50f089ad0cc15a426c96d') in 0.002548 seconds
  Import took 0.006201 seconds .

========================================================================
Received Import Request.
  Time since last request: 0.254811 seconds.
  path: Assets/UltraReal/Moba Movement/Scripts/MobaMovement/MobaInput.cs
  artifactKey: Guid(0c42d340037a7d147b2c10097e429145) Importer(815301076,1909f56bfc062723c751e8b465ee728b)
Start importing Assets/UltraReal/Moba Movement/Scripts/MobaMovement/MobaInput.cs using Guid(0c42d340037a7d147b2c10097e429145) Importer(815301076,1909f56bfc062723c751e8b465ee728b)  -> (artifact id: '09656a450ee6adfa3827be724ea9cbe4') in 0.006866 seconds
  Import took 0.010261 seconds .

========================================================================
Received Import Request.
  Time since last request: 0.001576 seconds.
  path: Assets/UltraReal/Moba Movement/Scripts/MobaMovement/MobaInput.cs
  artifactKey: Guid(0c42d340037a7d147b2c10097e429145) Importer(815301076,1909f56bfc062723c751e8b465ee728b)
Start importing Assets/UltraReal/Moba Movement/Scripts/MobaMovement/MobaInput.cs using Guid(0c42d340037a7d147b2c10097e429145) Importer(815301076,1909f56bfc062723c751e8b465ee728b)  -> (artifact id: '09656a450ee6adfa3827be724ea9cbe4') in 0.002226 seconds
  Import took 0.005514 seconds .

========================================================================
Received Import Request.
  Time since last request: 1.092018 seconds.
  path: Assets/UltraReal/Moba Movement/Scripts/MobaMovement/MobaMovementManager.cs
  artifactKey: Guid(e786a34b3b0db6b44a6fcfb8fec25cd2) Importer(815301076,1909f56bfc062723c751e8b465ee728b)
Start importing Assets/UltraReal/Moba Movement/Scripts/MobaMovement/MobaMovementManager.cs using Guid(e786a34b3b0db6b44a6fcfb8fec25cd2) Importer(815301076,1909f56bfc062723c751e8b465ee728b)  -> (artifact id: '9d93f22152430462e957ab1b8737e5c8') in 0.005631 seconds
  Import took 0.009009 seconds .

========================================================================
Received Import Request.
  Time since last request: 27.196430 seconds.
  path: Assets/MobaEthan.prefab
  artifactKey: Guid(dc8f069e155ad0a4fbc186948827a00f) Importer(815301076,1909f56bfc062723c751e8b465ee728b)
Start importing Assets/MobaEthan.prefab using Guid(dc8f069e155ad0a4fbc186948827a00f) Importer(815301076,1909f56bfc062723c751e8b465ee728b)  -> (artifact id: '3f9e5ff522c9bfb912f325450a1f2ad0') in 0.318161 seconds
  Import took 0.324504 seconds .

========================================================================
Received Import Request.
  Time since last request: 2.571972 seconds.
  path: Assets/Moba Movement Manager.prefab
  artifactKey: Guid(7b87616c4cd8cdb4ea5393a8a531198f) Importer(815301076,1909f56bfc062723c751e8b465ee728b)
Start importing Assets/Moba Movement Manager.prefab using Guid(7b87616c4cd8cdb4ea5393a8a531198f) Importer(815301076,1909f56bfc062723c751e8b465ee728b)  -> (artifact id: '6adc07f3aab82cc5a7c836166b7cbbe0') in 0.011590 seconds
  Import took 0.015098 seconds .

========================================================================
Received Import Request.
  Time since last request: 11.867959 seconds.
  path: Assets/Moba Camera Rig.prefab
  artifactKey: Guid(653803d59116a644a8edbaaa75787ca8) Importer(815301076,1909f56bfc062723c751e8b465ee728b)
Start importing Assets/Moba Camera Rig.prefab using Guid(653803d59116a644a8edbaaa75787ca8) Importer(815301076,1909f56bfc062723c751e8b465ee728b)  -> (artifact id: '37788c4a991cecf23b4d947ce371e62d') in 0.009121 seconds
  Import took 0.011949 seconds .

========================================================================
Received Import Request.
  Time since last request: 2.232871 seconds.
  path: Assets/Scenes/SampleScene.unity
  artifactKey: Guid(9fc0d4010bbf28b4594072e72b8655ab) Importer(815301076,1909f56bfc062723c751e8b465ee728b)
Start importing Assets/Scenes/SampleScene.unity using Guid(9fc0d4010bbf28b4594072e72b8655ab) Importer(815301076,1909f56bfc062723c751e8b465ee728b)  -> (artifact id: '94b89696cc43f1d5ccc29986e8cb32c1') in 0.007924 seconds
  Import took 0.011381 seconds .

========================================================================
Received Prepare
Registering precompiled user dll's ...
Registered in 0.001800 seconds.
Begin MonoManager ReloadAssembly
Native extension for WindowsStandalone target not found
Native extension for WebGL target not found
Refreshing native plugins compatible for Editor in 0.35 ms, found 2 plugins.
Preloading 0 native plugins for Editor in 0.00 ms.
Mono: successfully reloaded assembly
- Completed reload, in  0.913 seconds
Platform modules already initialized, skipping
Refreshing native plugins compatible for Editor in 0.38 ms, found 2 plugins.
Preloading 0 native plugins for Editor in 0.00 ms.
Unloading 1916 Unused Serialized files (Serialized files now loaded: 0)
System memory in use before: 102.3 MB.
System memory in use after: 102.4 MB.

Unloading 15 unused Assets to reduce memory usage. Loaded Objects now: 2398.
Total: 1.782700 ms (FindLiveObjects: 0.177600 ms CreateObjectMapping: 0.066600 ms MarkObjects: 1.486200 ms  DeleteObjects: 0.051700 ms)

========================================================================
Received Prepare
Registering precompiled user dll's ...
Registered in 0.002003 seconds.
Begin MonoManager ReloadAssembly
Native extension for WindowsStandalone target not found
Native extension for WebGL target not found
Refreshing native plugins compatible for Editor in 0.34 ms, found 2 plugins.
Preloading 0 native plugins for Editor in 0.00 ms.
Mono: successfully reloaded assembly
- Completed reload, in  0.849 seconds
Platform modules already initialized, skipping
Refreshing native plugins compatible for Editor in 0.37 ms, found 2 plugins.
Preloading 0 native plugins for Editor in 0.00 ms.
Unloading 1916 Unused Serialized files (Serialized files now loaded: 0)
System memory in use before: 102.3 MB.
System memory in use after: 102.4 MB.

Unloading 15 unused Assets to reduce memory usage. Loaded Objects now: 2401.
Total: 1.760700 ms (FindLiveObjects: 0.172900 ms CreateObjectMapping: 0.066400 ms MarkObjects: 1.466000 ms  DeleteObjects: 0.054600 ms)

========================================================================
Received Import Request.
  Time since last request: 156.920019 seconds.
  path: Assets/UltraReal/Moba Movement/Prefabs/Default Moba Player.prefab
  artifactKey: Guid(d5a6fca648c9e034aba0f95f3c8e445a) Importer(815301076,1909f56bfc062723c751e8b465ee728b)
Start importing Assets/UltraReal/Moba Movement/Prefabs/Default Moba Player.prefab using Guid(d5a6fca648c9e034aba0f95f3c8e445a) Importer(815301076,1909f56bfc062723c751e8b465ee728b)  -> (artifact id: 'b46473d19b73494e407140e328f4a62b') in 0.029282 seconds
  Import took 0.032672 seconds .

========================================================================
Received Import Request.
  Time since last request: 0.018343 seconds.
  path: Assets/UltraReal/Moba Movement/Prefabs/Default Moba Player.prefab
  artifactKey: Guid(d5a6fca648c9e034aba0f95f3c8e445a) Importer(815301076,1909f56bfc062723c751e8b465ee728b)
Start importing Assets/UltraReal/Moba Movement/Prefabs/Default Moba Player.prefab using Guid(d5a6fca648c9e034aba0f95f3c8e445a) Importer(815301076,1909f56bfc062723c751e8b465ee728b)  -> (artifact id: 'b46473d19b73494e407140e328f4a62b') in 0.004527 seconds
  Import took 0.008124 seconds .

========================================================================
Received Import Request.
  Time since last request: 1.002722 seconds.
  path: Assets/UltraReal/Moba Movement/Prefabs/Moba Camera Rig.prefab
  artifactKey: Guid(0abe1689518c53447a5c88c74a89219b) Importer(815301076,1909f56bfc062723c751e8b465ee728b)
Start importing Assets/UltraReal/Moba Movement/Prefabs/Moba Camera Rig.prefab using Guid(0abe1689518c53447a5c88c74a89219b) Importer(815301076,1909f56bfc062723c751e8b465ee728b)  -> (artifact id: '7b47c33cb9a27c9045ff72734ccd409e') in 0.004813 seconds
  Import took 0.007413 seconds .

========================================================================
Received Import Request.
  Time since last request: 0.005592 seconds.
  path: Assets/UltraReal/Moba Movement/Prefabs/Moba Camera Rig.prefab
  artifactKey: Guid(0abe1689518c53447a5c88c74a89219b) Importer(815301076,1909f56bfc062723c751e8b465ee728b)
Start importing Assets/UltraReal/Moba Movement/Prefabs/Moba Camera Rig.prefab using Guid(0abe1689518c53447a5c88c74a89219b) Importer(815301076,1909f56bfc062723c751e8b465ee728b)  -> (artifact id: '7b47c33cb9a27c9045ff72734ccd409e') in 0.003522 seconds
  Import took 0.006160 seconds .

========================================================================
Received Import Request.
  Time since last request: 9.632861 seconds.
  path: Assets/UltraReal/Moba Movement/Prefabs/Moba Movement Manager.prefab
  artifactKey: Guid(c88e3205b72f4c844aef3653049a5f35) Importer(815301076,1909f56bfc062723c751e8b465ee728b)
Start importing Assets/UltraReal/Moba Movement/Prefabs/Moba Movement Manager.prefab using Guid(c88e3205b72f4c844aef3653049a5f35) Importer(815301076,1909f56bfc062723c751e8b465ee728b)  -> (artifact id: '2fdb7454ed18b7d88cd777a5626666db') in 0.005135 seconds
  Import took 0.007670 seconds .

========================================================================
Received Import Request.
  Time since last request: 0.445920 seconds.
  path: Assets/UltraReal/Moba Movement/Prefabs/MoveObject.prefab
  artifactKey: Guid(bb84b377af8641a499a98d48fd8683c8) Importer(815301076,1909f56bfc062723c751e8b465ee728b)
Start importing Assets/UltraReal/Moba Movement/Prefabs/MoveObject.prefab using Guid(bb84b377af8641a499a98d48fd8683c8) Importer(815301076,1909f56bfc062723c751e8b465ee728b)  -> (artifact id: 'd68e35592d8dcef40da702983f5f0699') in 0.032213 seconds
  Import took 0.035187 seconds .

========================================================================
Received Import Request.
  Time since last request: 0.009931 seconds.
  path: Assets/UltraReal/Moba Movement/Prefabs/MoveObject.prefab
  artifactKey: Guid(bb84b377af8641a499a98d48fd8683c8) Importer(815301076,1909f56bfc062723c751e8b465ee728b)
Start importing Assets/UltraReal/Moba Movement/Prefabs/MoveObject.prefab using Guid(bb84b377af8641a499a98d48fd8683c8) Importer(815301076,1909f56bfc062723c751e8b465ee728b)  -> (artifact id: 'd68e35592d8dcef40da702983f5f0699') in 0.007161 seconds
  Import took 0.010095 seconds .

========================================================================
Received Import Request.
  Time since last request: 1.866942 seconds.
  path: Assets/UltraReal/Moba Movement/Prefabs/MoveArrow.prefab
  artifactKey: Guid(e56dc34e65fcc0a479a27ee2bbf63c74) Importer(815301076,1909f56bfc062723c751e8b465ee728b)
Start importing Assets/UltraReal/Moba Movement/Prefabs/MoveArrow.prefab using Guid(e56dc34e65fcc0a479a27ee2bbf63c74) Importer(815301076,1909f56bfc062723c751e8b465ee728b)  -> (artifact id: '104f6d137ace99d8dfaf82d07a3cab85') in 0.011473 seconds
  Import took 0.015089 seconds .

========================================================================
Received Import Request.
  Time since last request: 0.001186 seconds.
  path: Assets/UltraReal/Moba Movement/Prefabs/MoveArrow.prefab
  artifactKey: Guid(e56dc34e65fcc0a479a27ee2bbf63c74) Importer(815301076,1909f56bfc062723c751e8b465ee728b)
Start importing Assets/UltraReal/Moba Movement/Prefabs/MoveArrow.prefab using Guid(e56dc34e65fcc0a479a27ee2bbf63c74) Importer(815301076,1909f56bfc062723c751e8b465ee728b)  -> (artifact id: '104f6d137ace99d8dfaf82d07a3cab85') in 0.004417 seconds
  Import took 0.007889 seconds .

========================================================================
Received Prepare
Registering precompiled user dll's ...
Registered in 0.003181 seconds.
Begin MonoManager ReloadAssembly
Native extension for WindowsStandalone target not found
Native extension for WebGL target not found
Refreshing native plugins compatible for Editor in 0.40 ms, found 2 plugins.
Preloading 0 native plugins for Editor in 0.00 ms.
Mono: successfully reloaded assembly
- Completed reload, in  0.908 seconds
Platform modules already initialized, skipping
Refreshing native plugins compatible for Editor in 0.42 ms, found 2 plugins.
Preloading 0 native plugins for Editor in 0.00 ms.
Unloading 1916 Unused Serialized files (Serialized files now loaded: 0)
System memory in use before: 102.4 MB.
System memory in use after: 102.5 MB.

Unloading 16 unused Assets to reduce memory usage. Loaded Objects now: 2406.
Total: 2.012200 ms (FindLiveObjects: 0.208700 ms CreateObjectMapping: 0.062800 ms MarkObjects: 1.639200 ms  DeleteObjects: 0.100500 ms)

========================================================================
Received Prepare
Registering precompiled user dll's ...
Registered in 0.001988 seconds.
Begin MonoManager ReloadAssembly
Native extension for WindowsStandalone target not found
Native extension for WebGL target not found
Refreshing native plugins compatible for Editor in 0.40 ms, found 2 plugins.
Preloading 0 native plugins for Editor in 0.00 ms.
Mono: successfully reloaded assembly
- Completed reload, in  0.968 seconds
Platform modules already initialized, skipping
Refreshing native plugins compatible for Editor in 0.57 ms, found 2 plugins.
Preloading 0 native plugins for Editor in 0.00 ms.
Unloading 1916 Unused Serialized files (Serialized files now loaded: 0)
System memory in use before: 102.4 MB.
System memory in use after: 102.5 MB.

Unloading 15 unused Assets to reduce memory usage. Loaded Objects now: 2409.
Total: 1.696800 ms (FindLiveObjects: 0.161200 ms CreateObjectMapping: 0.060800 ms MarkObjects: 1.418900 ms  DeleteObjects: 0.055000 ms)

========================================================================
Received Import Request.
  Time since last request: 2719.126766 seconds.
  path: Assets/UltraReal/ReadMe.txt
  artifactKey: Guid(836a2bf28a9ff4547a375e3b5bac38b6) Importer(815301076,1909f56bfc062723c751e8b465ee728b)
Start importing Assets/UltraReal/ReadMe.txt using Guid(836a2bf28a9ff4547a375e3b5bac38b6) Importer(815301076,1909f56bfc062723c751e8b465ee728b)  -> (artifact id: '0259a30a87ce5607bff30adb9e1a1766') in 0.020083 seconds
  Import took 0.023462 seconds .

========================================================================
Received Import Request.
  Time since last request: 0.008549 seconds.
  path: Assets/UltraReal/ReadMe.txt
  artifactKey: Guid(836a2bf28a9ff4547a375e3b5bac38b6) Importer(815301076,1909f56bfc062723c751e8b465ee728b)
Start importing Assets/UltraReal/ReadMe.txt using Guid(836a2bf28a9ff4547a375e3b5bac38b6) Importer(815301076,1909f56bfc062723c751e8b465ee728b)  -> (artifact id: '0259a30a87ce5607bff30adb9e1a1766') in 0.002393 seconds
  Import took 0.005768 seconds .

========================================================================
Received Import Request.
  Time since last request: 0.230736 seconds.
  path: Assets/UltraReal/Share Assets
  artifactKey: Guid(e906679eede6ee04eae3c0679621491b) Importer(815301076,1909f56bfc062723c751e8b465ee728b)
Start importing Assets/UltraReal/Share Assets using Guid(e906679eede6ee04eae3c0679621491b) Importer(815301076,1909f56bfc062723c751e8b465ee728b)  -> (artifact id: '54f4578663f388d1a65a716b96c49eb9') in 0.008407 seconds
  Import took 0.011635 seconds .

========================================================================
Received Import Request.
  Time since last request: 2.460797 seconds.
  path: Assets/UltraReal/Share Assets/Prefabs
  artifactKey: Guid(96ff5f003edc9c549841d5c4bcc7c3cd) Importer(815301076,1909f56bfc062723c751e8b465ee728b)
Start importing Assets/UltraReal/Share Assets/Prefabs using Guid(96ff5f003edc9c549841d5c4bcc7c3cd) Importer(815301076,1909f56bfc062723c751e8b465ee728b)  -> (artifact id: '005d875c1156ea265bd56f769b807c75') in 0.007501 seconds
  Import took 0.011907 seconds .

========================================================================
Received Import Request.
  Time since last request: 7.511418 seconds.
  path: Assets/UltraReal/Moba Movement/Prefabs
  artifactKey: Guid(d5a53e5fb222f9247a3265ddf922b89a) Importer(815301076,1909f56bfc062723c751e8b465ee728b)
Start importing Assets/UltraReal/Moba Movement/Prefabs using Guid(d5a53e5fb222f9247a3265ddf922b89a) Importer(815301076,1909f56bfc062723c751e8b465ee728b)  -> (artifact id: '474521f699e8d454447c46412350e0f7') in 0.003168 seconds
  Import took 0.007204 seconds .

========================================================================
Received Import Request.
  Time since last request: 0.000727 seconds.
  path: Assets/UltraReal/Moba Movement/Prefabs
  artifactKey: Guid(d5a53e5fb222f9247a3265ddf922b89a) Importer(815301076,1909f56bfc062723c751e8b465ee728b)
Start importing Assets/UltraReal/Moba Movement/Prefabs using Guid(d5a53e5fb222f9247a3265ddf922b89a) Importer(815301076,1909f56bfc062723c751e8b465ee728b)  -> (artifact id: '474521f699e8d454447c46412350e0f7') in 0.002632 seconds
  Import took 0.005987 seconds .

========================================================================
Received Prepare
Registering precompiled user dll's ...
Registered in 0.001892 seconds.
Begin MonoManager ReloadAssembly
Native extension for WindowsStandalone target not found
Native extension for WebGL target not found
Refreshing native plugins compatible for Editor in 0.43 ms, found 2 plugins.
Preloading 0 native plugins for Editor in 0.00 ms.
Mono: successfully reloaded assembly
- Completed reload, in  0.998 seconds
Platform modules already initialized, skipping
Refreshing native plugins compatible for Editor in 0.40 ms, found 2 plugins.
Preloading 0 native plugins for Editor in 0.00 ms.
Unloading 1916 Unused Serialized files (Serialized files now loaded: 0)
System memory in use before: 102.4 MB.
System memory in use after: 102.5 MB.

Unloading 15 unused Assets to reduce memory usage. Loaded Objects now: 2412.
Total: 1.734700 ms (FindLiveObjects: 0.154400 ms CreateObjectMapping: 0.063900 ms MarkObjects: 1.462300 ms  DeleteObjects: 0.053300 ms)

========================================================================
Received Import Request.
  Time since last request: 28.766852 seconds.
  path: Assets/Scripts/CameraFollow.cs
  artifactKey: Guid(1aad3eeb9fa2a9949b3a015adeec9636) Importer(815301076,1909f56bfc062723c751e8b465ee728b)
Start importing Assets/Scripts/CameraFollow.cs using Guid(1aad3eeb9fa2a9949b3a015adeec9636) Importer(815301076,1909f56bfc062723c751e8b465ee728b)  -> (artifact id: 'b42bbc2ef6ecd3d477309ff0d2e49ba5') in 0.008601 seconds
  Import took 0.011722 seconds .

========================================================================
Received Import Request.
  Time since last request: 0.002240 seconds.
  path: Assets/Scripts/CameraFollow.cs
  artifactKey: Guid(1aad3eeb9fa2a9949b3a015adeec9636) Importer(815301076,1909f56bfc062723c751e8b465ee728b)
Start importing Assets/Scripts/CameraFollow.cs using Guid(1aad3eeb9fa2a9949b3a015adeec9636) Importer(815301076,1909f56bfc062723c751e8b465ee728b)  -> (artifact id: 'b42bbc2ef6ecd3d477309ff0d2e49ba5') in 0.002305 seconds
  Import took 0.005147 seconds .

========================================================================
Received Import Request.
  Time since last request: 4.717728 seconds.
  path: Assets/Scripts/CharacterSkills.cs
  artifactKey: Guid(6e0fc303906070242ba1b6a1dc798411) Importer(815301076,1909f56bfc062723c751e8b465ee728b)
Start importing Assets/Scripts/CharacterSkills.cs using Guid(6e0fc303906070242ba1b6a1dc798411) Importer(815301076,1909f56bfc062723c751e8b465ee728b)  -> (artifact id: 'ffd2cb13bb5c2d1657f3e628e3c0663f') in 0.005887 seconds
  Import took 0.008814 seconds .

========================================================================
Received Import Request.
  Time since last request: 86.423448 seconds.
  path: Assets/Scripts/CharacterSkills.cs
  artifactKey: Guid(6e0fc303906070242ba1b6a1dc798411) Importer(815301076,1909f56bfc062723c751e8b465ee728b)
Start importing Assets/Scripts/CharacterSkills.cs using Guid(6e0fc303906070242ba1b6a1dc798411) Importer(815301076,1909f56bfc062723c751e8b465ee728b)  -> (artifact id: '2ccb79191f2931d75ec14b2c00300007') in 0.003174 seconds
  Import took 0.008005 seconds .

========================================================================
Received Prepare
Registering precompiled user dll's ...
Registered in 0.002805 seconds.
Begin MonoManager ReloadAssembly
Native extension for WindowsStandalone target not found
Native extension for WebGL target not found
Refreshing native plugins compatible for Editor in 0.34 ms, found 2 plugins.
Preloading 0 native plugins for Editor in 0.00 ms.
Mono: successfully reloaded assembly
- Completed reload, in  0.854 seconds
Platform modules already initialized, skipping
Refreshing native plugins compatible for Editor in 0.37 ms, found 2 plugins.
Preloading 0 native plugins for Editor in 0.00 ms.
Unloading 1916 Unused Serialized files (Serialized files now loaded: 0)
System memory in use before: 102.4 MB.
System memory in use after: 102.5 MB.

Unloading 15 unused Assets to reduce memory usage. Loaded Objects now: 2415.
Total: 1.783100 ms (FindLiveObjects: 0.162200 ms CreateObjectMapping: 0.065600 ms MarkObjects: 1.496600 ms  DeleteObjects: 0.057800 ms)

========================================================================
Received Import Request.
  Time since last request: 214.366749 seconds.
  path: Assets/Scripts/CharacterSkills.cs
  artifactKey: Guid(6e0fc303906070242ba1b6a1dc798411) Importer(815301076,1909f56bfc062723c751e8b465ee728b)
Start importing Assets/Scripts/CharacterSkills.cs using Guid(6e0fc303906070242ba1b6a1dc798411) Importer(815301076,1909f56bfc062723c751e8b465ee728b)  -> (artifact id: '1bf723d31d27f306dd775633cefc17dc') in 0.004284 seconds
  Import took 0.007382 seconds .

========================================================================
Received Prepare
Registering precompiled user dll's ...
Registered in 0.002312 seconds.
Begin MonoManager ReloadAssembly
Native extension for WindowsStandalone target not found
Native extension for WebGL target not found
Refreshing native plugins compatible for Editor in 0.34 ms, found 2 plugins.
Preloading 0 native plugins for Editor in 0.00 ms.
Mono: successfully reloaded assembly
- Completed reload, in  0.903 seconds
Platform modules already initialized, skipping
Refreshing native plugins compatible for Editor in 0.38 ms, found 2 plugins.
Preloading 0 native plugins for Editor in 0.00 ms.
Unloading 1916 Unused Serialized files (Serialized files now loaded: 0)
System memory in use before: 102.4 MB.
System memory in use after: 102.5 MB.

Unloading 15 unused Assets to reduce memory usage. Loaded Objects now: 2418.
Total: 2.033500 ms (FindLiveObjects: 0.180600 ms CreateObjectMapping: 0.080500 ms MarkObjects: 1.707800 ms  DeleteObjects: 0.063600 ms)

========================================================================
Received Prepare
Registering precompiled user dll's ...
Registered in 0.002620 seconds.
Begin MonoManager ReloadAssembly
Native extension for WindowsStandalone target not found
Native extension for WebGL target not found
Refreshing native plugins compatible for Editor in 0.43 ms, found 2 plugins.
Preloading 0 native plugins for Editor in 0.00 ms.
Mono: successfully reloaded assembly
- Completed reload, in  0.897 seconds
Platform modules already initialized, skipping
Refreshing native plugins compatible for Editor in 0.37 ms, found 2 plugins.
Preloading 0 native plugins for Editor in 0.00 ms.
Unloading 1916 Unused Serialized files (Serialized files now loaded: 0)
System memory in use before: 102.5 MB.
System memory in use after: 102.6 MB.

Unloading 15 unused Assets to reduce memory usage. Loaded Objects now: 2421.
Total: 1.732500 ms (FindLiveObjects: 0.154900 ms CreateObjectMapping: 0.063400 ms MarkObjects: 1.458400 ms  DeleteObjects: 0.055100 ms)

========================================================================
Received Prepare
Registering precompiled user dll's ...
Registered in 0.002434 seconds.
Begin MonoManager ReloadAssembly
Native extension for WindowsStandalone target not found
Native extension for WebGL target not found
Refreshing native plugins compatible for Editor in 0.34 ms, found 2 plugins.
Preloading 0 native plugins for Editor in 0.00 ms.
Mono: successfully reloaded assembly
- Completed reload, in  0.978 seconds
Platform modules already initialized, skipping
Refreshing native plugins compatible for Editor in 0.38 ms, found 2 plugins.
Preloading 0 native plugins for Editor in 0.00 ms.
Unloading 1916 Unused Serialized files (Serialized files now loaded: 0)
System memory in use before: 102.5 MB.
System memory in use after: 102.6 MB.

Unloading 15 unused Assets to reduce memory usage. Loaded Objects now: 2424.
Total: 1.785600 ms (FindLiveObjects: 0.147100 ms CreateObjectMapping: 0.054600 ms MarkObjects: 1.531700 ms  DeleteObjects: 0.051400 ms)

========================================================================
Received Prepare
Registering precompiled user dll's ...
Registered in 0.002069 seconds.
Begin MonoManager ReloadAssembly
Native extension for WindowsStandalone target not found
Native extension for WebGL target not found
Refreshing native plugins compatible for Editor in 0.35 ms, found 2 plugins.
Preloading 0 native plugins for Editor in 0.00 ms.
Mono: successfully reloaded assembly
- Completed reload, in  0.872 seconds
Platform modules already initialized, skipping
Refreshing native plugins compatible for Editor in 0.35 ms, found 2 plugins.
Preloading 0 native plugins for Editor in 0.00 ms.
Unloading 1916 Unused Serialized files (Serialized files now loaded: 0)
System memory in use before: 102.5 MB.
System memory in use after: 102.6 MB.

Unloading 15 unused Assets to reduce memory usage. Loaded Objects now: 2427.
Total: 1.684200 ms (FindLiveObjects: 0.165700 ms CreateObjectMapping: 0.062700 ms MarkObjects: 1.405300 ms  DeleteObjects: 0.049600 ms)

========================================================================
Received Prepare
Registering precompiled user dll's ...
Registered in 0.002428 seconds.
Begin MonoManager ReloadAssembly
Native extension for WindowsStandalone target not found
Native extension for WebGL target not found
Refreshing native plugins compatible for Editor in 0.48 ms, found 2 plugins.
Preloading 0 native plugins for Editor in 0.00 ms.
Mono: successfully reloaded assembly
- Completed reload, in  1.062 seconds
Platform modules already initialized, skipping
Refreshing native plugins compatible for Editor in 0.38 ms, found 2 plugins.
Preloading 0 native plugins for Editor in 0.00 ms.
Unloading 1916 Unused Serialized files (Serialized files now loaded: 0)
System memory in use before: 102.5 MB.
System memory in use after: 102.6 MB.

Unloading 15 unused Assets to reduce memory usage. Loaded Objects now: 2430.
Total: 2.291400 ms (FindLiveObjects: 0.173500 ms CreateObjectMapping: 0.069100 ms MarkObjects: 1.939500 ms  DeleteObjects: 0.108100 ms)

========================================================================
Received Prepare
Registering precompiled user dll's ...
Registered in 0.001972 seconds.
Begin MonoManager ReloadAssembly
Native extension for WindowsStandalone target not found
Native extension for WebGL target not found
Refreshing native plugins compatible for Editor in 0.34 ms, found 2 plugins.
Preloading 0 native plugins for Editor in 0.00 ms.
Mono: successfully reloaded assembly
- Completed reload, in  0.880 seconds
Platform modules already initialized, skipping
Refreshing native plugins compatible for Editor in 0.36 ms, found 2 plugins.
Preloading 0 native plugins for Editor in 0.00 ms.
Unloading 1916 Unused Serialized files (Serialized files now loaded: 0)
System memory in use before: 102.4 MB.
System memory in use after: 102.5 MB.

Unloading 15 unused Assets to reduce memory usage. Loaded Objects now: 2433.
Total: 1.696100 ms (FindLiveObjects: 0.163200 ms CreateObjectMapping: 0.065600 ms MarkObjects: 1.390200 ms  DeleteObjects: 0.076300 ms)

========================================================================
Received Prepare
Registering precompiled user dll's ...
Registered in 0.001827 seconds.
Begin MonoManager ReloadAssembly
Native extension for WindowsStandalone target not found
Native extension for WebGL target not found
Refreshing native plugins compatible for Editor in 0.41 ms, found 2 plugins.
Preloading 0 native plugins for Editor in 0.00 ms.
Mono: successfully reloaded assembly
- Completed reload, in  1.031 seconds
Platform modules already initialized, skipping
Refreshing native plugins compatible for Editor in 0.55 ms, found 2 plugins.
Preloading 0 native plugins for Editor in 0.00 ms.
Unloading 1916 Unused Serialized files (Serialized files now loaded: 0)
System memory in use before: 102.5 MB.
System memory in use after: 102.6 MB.

Unloading 15 unused Assets to reduce memory usage. Loaded Objects now: 2436.
Total: 2.023700 ms (FindLiveObjects: 0.191700 ms CreateObjectMapping: 0.108000 ms MarkObjects: 1.650200 ms  DeleteObjects: 0.072800 ms)

========================================================================
Received Prepare
Registering precompiled user dll's ...
Registered in 0.003359 seconds.
Begin MonoManager ReloadAssembly
Native extension for WindowsStandalone target not found
Native extension for WebGL target not found
Refreshing native plugins compatible for Editor in 0.36 ms, found 2 plugins.
Preloading 0 native plugins for Editor in 0.00 ms.
Mono: successfully reloaded assembly
- Completed reload, in  0.972 seconds
Platform modules already initialized, skipping
Refreshing native plugins compatible for Editor in 0.36 ms, found 2 plugins.
Preloading 0 native plugins for Editor in 0.00 ms.
Unloading 1916 Unused Serialized files (Serialized files now loaded: 0)
System memory in use before: 102.5 MB.
System memory in use after: 102.6 MB.

Unloading 15 unused Assets to reduce memory usage. Loaded Objects now: 2439.
Total: 1.797000 ms (FindLiveObjects: 0.196800 ms CreateObjectMapping: 0.062700 ms MarkObjects: 1.436000 ms  DeleteObjects: 0.100800 ms)

========================================================================
Received Prepare
Registering precompiled user dll's ...
Registered in 0.002058 seconds.
Begin MonoManager ReloadAssembly
Native extension for WindowsStandalone target not found
Native extension for WebGL target not found
Refreshing native plugins compatible for Editor in 0.38 ms, found 2 plugins.
Preloading 0 native plugins for Editor in 0.00 ms.
Mono: successfully reloaded assembly
- Completed reload, in  0.972 seconds
Platform modules already initialized, skipping
Refreshing native plugins compatible for Editor in 0.39 ms, found 2 plugins.
Preloading 0 native plugins for Editor in 0.00 ms.
Unloading 1916 Unused Serialized files (Serialized files now loaded: 0)
System memory in use before: 102.5 MB.
System memory in use after: 102.6 MB.

Unloading 15 unused Assets to reduce memory usage. Loaded Objects now: 2442.
Total: 1.836200 ms (FindLiveObjects: 0.190200 ms CreateObjectMapping: 0.080900 ms MarkObjects: 1.505100 ms  DeleteObjects: 0.059100 ms)

========================================================================
Received Prepare
Registering precompiled user dll's ...
Registered in 0.002066 seconds.
Begin MonoManager ReloadAssembly
Native extension for WindowsStandalone target not found
Native extension for WebGL target not found
Refreshing native plugins compatible for Editor in 0.39 ms, found 2 plugins.
Preloading 0 native plugins for Editor in 0.00 ms.
Mono: successfully reloaded assembly
- Completed reload, in  0.952 seconds
Platform modules already initialized, skipping
Refreshing native plugins compatible for Editor in 0.38 ms, found 2 plugins.
Preloading 0 native plugins for Editor in 0.00 ms.
Unloading 1916 Unused Serialized files (Serialized files now loaded: 0)
System memory in use before: 102.5 MB.
System memory in use after: 102.6 MB.

Unloading 15 unused Assets to reduce memory usage. Loaded Objects now: 2445.
Total: 2.112500 ms (FindLiveObjects: 0.151500 ms CreateObjectMapping: 0.061200 ms MarkObjects: 1.806000 ms  DeleteObjects: 0.092900 ms)

========================================================================
Received Prepare
Registering precompiled user dll's ...
Registered in 0.001842 seconds.
Begin MonoManager ReloadAssembly
Native extension for WindowsStandalone target not found
Native extension for WebGL target not found
Refreshing native plugins compatible for Editor in 0.60 ms, found 2 plugins.
Preloading 0 native plugins for Editor in 0.00 ms.
Mono: successfully reloaded assembly
- Completed reload, in  0.998 seconds
Platform modules already initialized, skipping
Refreshing native plugins compatible for Editor in 0.37 ms, found 2 plugins.
Preloading 0 native plugins for Editor in 0.00 ms.
Unloading 1916 Unused Serialized files (Serialized files now loaded: 0)
System memory in use before: 102.5 MB.
System memory in use after: 102.6 MB.

Unloading 15 unused Assets to reduce memory usage. Loaded Objects now: 2448.
Total: 1.736100 ms (FindLiveObjects: 0.166000 ms CreateObjectMapping: 0.063100 ms MarkObjects: 1.444300 ms  DeleteObjects: 0.062000 ms)

========================================================================
Received Prepare
Registering precompiled user dll's ...
Registered in 0.001944 seconds.
Begin MonoManager ReloadAssembly
Native extension for WindowsStandalone target not found
Native extension for WebGL target not found
Refreshing native plugins compatible for Editor in 0.68 ms, found 2 plugins.
Preloading 0 native plugins for Editor in 0.00 ms.
Mono: successfully reloaded assembly
- Completed reload, in  0.926 seconds
Platform modules already initialized, skipping
Refreshing native plugins compatible for Editor in 0.37 ms, found 2 plugins.
Preloading 0 native plugins for Editor in 0.00 ms.
Unloading 1916 Unused Serialized files (Serialized files now loaded: 0)
System memory in use before: 102.5 MB.
System memory in use after: 102.6 MB.

Unloading 15 unused Assets to reduce memory usage. Loaded Objects now: 2451.
Total: 2.195800 ms (FindLiveObjects: 0.198700 ms CreateObjectMapping: 0.088800 ms MarkObjects: 1.827300 ms  DeleteObjects: 0.079900 ms)

========================================================================
Received Prepare
Registering precompiled user dll's ...
Registered in 0.001891 seconds.
Begin MonoManager ReloadAssembly
Native extension for WindowsStandalone target not found
Native extension for WebGL target not found
Refreshing native plugins compatible for Editor in 0.36 ms, found 2 plugins.
Preloading 0 native plugins for Editor in 0.00 ms.
Mono: successfully reloaded assembly
- Completed reload, in  0.886 seconds
Platform modules already initialized, skipping
Refreshing native plugins compatible for Editor in 0.37 ms, found 2 plugins.
Preloading 0 native plugins for Editor in 0.00 ms.
Unloading 1916 Unused Serialized files (Serialized files now loaded: 0)
System memory in use before: 102.5 MB.
System memory in use after: 102.6 MB.

Unloading 15 unused Assets to reduce memory usage. Loaded Objects now: 2454.
Total: 1.772000 ms (FindLiveObjects: 0.162800 ms CreateObjectMapping: 0.063800 ms MarkObjects: 1.474600 ms  DeleteObjects: 0.070000 ms)

========================================================================
Received Prepare
Registering precompiled user dll's ...
Registered in 0.001934 seconds.
Begin MonoManager ReloadAssembly
Native extension for WindowsStandalone target not found
Native extension for WebGL target not found
Refreshing native plugins compatible for Editor in 0.36 ms, found 2 plugins.
Preloading 0 native plugins for Editor in 0.00 ms.
Mono: successfully reloaded assembly
- Completed reload, in  0.916 seconds
Platform modules already initialized, skipping
Refreshing native plugins compatible for Editor in 0.37 ms, found 2 plugins.
Preloading 0 native plugins for Editor in 0.00 ms.
Unloading 1916 Unused Serialized files (Serialized files now loaded: 0)
System memory in use before: 102.5 MB.
System memory in use after: 102.6 MB.

Unloading 15 unused Assets to reduce memory usage. Loaded Objects now: 2457.
Total: 1.888900 ms (FindLiveObjects: 0.187900 ms CreateObjectMapping: 0.072300 ms MarkObjects: 1.571900 ms  DeleteObjects: 0.056200 ms)

========================================================================
Received Prepare
Registering precompiled user dll's ...
Registered in 0.002462 seconds.
Begin MonoManager ReloadAssembly
Native extension for WindowsStandalone target not found
Native extension for WebGL target not found
Refreshing native plugins compatible for Editor in 0.35 ms, found 2 plugins.
Preloading 0 native plugins for Editor in 0.00 ms.
Mono: successfully reloaded assembly
- Completed reload, in  1.011 seconds
Platform modules already initialized, skipping
Refreshing native plugins compatible for Editor in 0.55 ms, found 2 plugins.
Preloading 0 native plugins for Editor in 0.00 ms.
Unloading 1916 Unused Serialized files (Serialized files now loaded: 0)
System memory in use before: 102.5 MB.
System memory in use after: 102.6 MB.

Unloading 15 unused Assets to reduce memory usage. Loaded Objects now: 2460.
Total: 1.799900 ms (FindLiveObjects: 0.166400 ms CreateObjectMapping: 0.068100 ms MarkObjects: 1.511900 ms  DeleteObjects: 0.052700 ms)

========================================================================
Received Prepare
Registering precompiled user dll's ...
Registered in 0.002072 seconds.
Begin MonoManager ReloadAssembly
Native extension for WindowsStandalone target not found
Native extension for WebGL target not found
Refreshing native plugins compatible for Editor in 0.35 ms, found 2 plugins.
Preloading 0 native plugins for Editor in 0.00 ms.
Mono: successfully reloaded assembly
- Completed reload, in  0.910 seconds
Platform modules already initialized, skipping
Refreshing native plugins compatible for Editor in 0.37 ms, found 2 plugins.
Preloading 0 native plugins for Editor in 0.00 ms.
Unloading 1916 Unused Serialized files (Serialized files now loaded: 0)
System memory in use before: 102.5 MB.
System memory in use after: 102.6 MB.

Unloading 15 unused Assets to reduce memory usage. Loaded Objects now: 2463.
Total: 1.867400 ms (FindLiveObjects: 0.159900 ms CreateObjectMapping: 0.061400 ms MarkObjects: 1.586800 ms  DeleteObjects: 0.058600 ms)

========================================================================
Received Prepare
Registering precompiled user dll's ...
Registered in 0.001962 seconds.
Begin MonoManager ReloadAssembly
Native extension for WindowsStandalone target not found
Native extension for WebGL target not found
Refreshing native plugins compatible for Editor in 0.51 ms, found 2 plugins.
Preloading 0 native plugins for Editor in 0.00 ms.
Mono: successfully reloaded assembly
- Completed reload, in  0.923 seconds
Platform modules already initialized, skipping
Refreshing native plugins compatible for Editor in 0.36 ms, found 2 plugins.
Preloading 0 native plugins for Editor in 0.00 ms.
Unloading 1916 Unused Serialized files (Serialized files now loaded: 0)
System memory in use before: 102.5 MB.
System memory in use after: 102.6 MB.

Unloading 15 unused Assets to reduce memory usage. Loaded Objects now: 2466.
Total: 1.880600 ms (FindLiveObjects: 0.219100 ms CreateObjectMapping: 0.075300 ms MarkObjects: 1.527000 ms  DeleteObjects: 0.058200 ms)

========================================================================
Received Prepare
Registering precompiled user dll's ...
Registered in 0.001889 seconds.
Begin MonoManager ReloadAssembly
Native extension for WindowsStandalone target not found
Native extension for WebGL target not found
Refreshing native plugins compatible for Editor in 0.35 ms, found 2 plugins.
Preloading 0 native plugins for Editor in 0.00 ms.
Mono: successfully reloaded assembly
- Completed reload, in  0.843 seconds
Platform modules already initialized, skipping
Refreshing native plugins compatible for Editor in 0.36 ms, found 2 plugins.
Preloading 0 native plugins for Editor in 0.00 ms.
Unloading 1916 Unused Serialized files (Serialized files now loaded: 0)
System memory in use before: 102.5 MB.
System memory in use after: 102.6 MB.

Unloading 15 unused Assets to reduce memory usage. Loaded Objects now: 2469.
Total: 1.754800 ms (FindLiveObjects: 0.220600 ms CreateObjectMapping: 0.080800 ms MarkObjects: 1.401500 ms  DeleteObjects: 0.051100 ms)

========================================================================
Received Prepare
Registering precompiled user dll's ...
Registered in 0.002337 seconds.
Begin MonoManager ReloadAssembly
Native extension for WindowsStandalone target not found
Native extension for WebGL target not found
Refreshing native plugins compatible for Editor in 0.42 ms, found 2 plugins.
Preloading 0 native plugins for Editor in 0.00 ms.
Mono: successfully reloaded assembly
- Completed reload, in  1.091 seconds
Platform modules already initialized, skipping
Refreshing native plugins compatible for Editor in 0.40 ms, found 2 plugins.
Preloading 0 native plugins for Editor in 0.00 ms.
Unloading 1916 Unused Serialized files (Serialized files now loaded: 0)
System memory in use before: 102.5 MB.
System memory in use after: 102.6 MB.

Unloading 15 unused Assets to reduce memory usage. Loaded Objects now: 2472.
Total: 2.241900 ms (FindLiveObjects: 0.181300 ms CreateObjectMapping: 0.068000 ms MarkObjects: 1.927900 ms  DeleteObjects: 0.063500 ms)

========================================================================
Received Prepare
Registering precompiled user dll's ...
Registered in 0.001819 seconds.
Begin MonoManager ReloadAssembly
Native extension for WindowsStandalone target not found
Native extension for WebGL target not found
Refreshing native plugins compatible for Editor in 0.53 ms, found 2 plugins.
Preloading 0 native plugins for Editor in 0.00 ms.
Mono: successfully reloaded assembly
- Completed reload, in  0.911 seconds
Platform modules already initialized, skipping
Refreshing native plugins compatible for Editor in 0.36 ms, found 2 plugins.
Preloading 0 native plugins for Editor in 0.00 ms.
Unloading 1916 Unused Serialized files (Serialized files now loaded: 0)
System memory in use before: 102.5 MB.
System memory in use after: 102.6 MB.

Unloading 15 unused Assets to reduce memory usage. Loaded Objects now: 2475.
Total: 1.884900 ms (FindLiveObjects: 0.217200 ms CreateObjectMapping: 0.101200 ms MarkObjects: 1.510900 ms  DeleteObjects: 0.054800 ms)

========================================================================
Received Prepare
Registering precompiled user dll's ...
Registered in 0.001977 seconds.
Begin MonoManager ReloadAssembly
Native extension for WindowsStandalone target not found
Native extension for WebGL target not found
Refreshing native plugins compatible for Editor in 0.35 ms, found 2 plugins.
Preloading 0 native plugins for Editor in 0.00 ms.
Mono: successfully reloaded assembly
- Completed reload, in  0.840 seconds
Platform modules already initialized, skipping
Refreshing native plugins compatible for Editor in 0.47 ms, found 2 plugins.
Preloading 0 native plugins for Editor in 0.00 ms.
Unloading 1916 Unused Serialized files (Serialized files now loaded: 0)
System memory in use before: 102.5 MB.
System memory in use after: 102.6 MB.

Unloading 15 unused Assets to reduce memory usage. Loaded Objects now: 2478.
Total: 1.768900 ms (FindLiveObjects: 0.178200 ms CreateObjectMapping: 0.060800 ms MarkObjects: 1.477500 ms  DeleteObjects: 0.051400 ms)

========================================================================
Received Import Request.
  Time since last request: 728.594642 seconds.
  path: Assets/UltraReal/Moba Movement/Scripts/MobaMovement/MobaUnityInput.cs
  artifactKey: Guid(8313ad294ffc3564aa8d8a1e08244b72) Importer(815301076,1909f56bfc062723c751e8b465ee728b)
Start importing Assets/UltraReal/Moba Movement/Scripts/MobaMovement/MobaUnityInput.cs using Guid(8313ad294ffc3564aa8d8a1e08244b72) Importer(815301076,1909f56bfc062723c751e8b465ee728b)  -> (artifact id: 'dc7abb1694b60bde4aa42d9f1c9bbf78') in 0.008384 seconds
  Import took 0.011884 seconds .

========================================================================
Received Prepare
Registering precompiled user dll's ...
Registered in 0.002756 seconds.
Begin MonoManager ReloadAssembly
Native extension for WindowsStandalone target not found
Native extension for WebGL target not found
Refreshing native plugins compatible for Editor in 0.35 ms, found 2 plugins.
Preloading 0 native plugins for Editor in 0.00 ms.
Mono: successfully reloaded assembly
- Completed reload, in  0.889 seconds
Platform modules already initialized, skipping
Refreshing native plugins compatible for Editor in 0.37 ms, found 2 plugins.
Preloading 0 native plugins for Editor in 0.00 ms.
Unloading 1916 Unused Serialized files (Serialized files now loaded: 0)
System memory in use before: 102.5 MB.
System memory in use after: 102.6 MB.

Unloading 15 unused Assets to reduce memory usage. Loaded Objects now: 2481.
Total: 1.905400 ms (FindLiveObjects: 0.198300 ms CreateObjectMapping: 0.062100 ms MarkObjects: 1.551700 ms  DeleteObjects: 0.092700 ms)

========================================================================
Received Prepare
Registering precompiled user dll's ...
Registered in 0.003396 seconds.
Begin MonoManager ReloadAssembly
Native extension for WindowsStandalone target not found
Native extension for WebGL target not found
Refreshing native plugins compatible for Editor in 0.35 ms, found 2 plugins.
Preloading 0 native plugins for Editor in 0.00 ms.
Mono: successfully reloaded assembly
- Completed reload, in  0.929 seconds
Platform modules already initialized, skipping
Refreshing native plugins compatible for Editor in 0.36 ms, found 2 plugins.
Preloading 0 native plugins for Editor in 0.00 ms.
Unloading 1916 Unused Serialized files (Serialized files now loaded: 0)
System memory in use before: 102.5 MB.
System memory in use after: 102.6 MB.

Unloading 15 unused Assets to reduce memory usage. Loaded Objects now: 2484.
Total: 1.704400 ms (FindLiveObjects: 0.168700 ms CreateObjectMapping: 0.063500 ms MarkObjects: 1.414100 ms  DeleteObjects: 0.057300 ms)

========================================================================
Received Prepare
Registering precompiled user dll's ...
Registered in 0.002009 seconds.
Begin MonoManager ReloadAssembly
Native extension for WindowsStandalone target not found
Native extension for WebGL target not found
Refreshing native plugins compatible for Editor in 0.36 ms, found 2 plugins.
Preloading 0 native plugins for Editor in 0.00 ms.
Mono: successfully reloaded assembly
- Completed reload, in  0.963 seconds
Platform modules already initialized, skipping
Refreshing native plugins compatible for Editor in 0.43 ms, found 2 plugins.
Preloading 0 native plugins for Editor in 0.00 ms.
Unloading 1916 Unused Serialized files (Serialized files now loaded: 0)
System memory in use before: 102.6 MB.
System memory in use after: 102.6 MB.

Unloading 15 unused Assets to reduce memory usage. Loaded Objects now: 2487.
Total: 1.817300 ms (FindLiveObjects: 0.174900 ms CreateObjectMapping: 0.066200 ms MarkObjects: 1.517800 ms  DeleteObjects: 0.057700 ms)

========================================================================
Received Prepare
Registering precompiled user dll's ...
Registered in 0.001900 seconds.
Begin MonoManager ReloadAssembly
Native extension for WindowsStandalone target not found
Native extension for WebGL target not found
Refreshing native plugins compatible for Editor in 0.35 ms, found 2 plugins.
Preloading 0 native plugins for Editor in 0.00 ms.
Mono: successfully reloaded assembly
- Completed reload, in  0.909 seconds
Platform modules already initialized, skipping
Refreshing native plugins compatible for Editor in 0.36 ms, found 2 plugins.
Preloading 0 native plugins for Editor in 0.00 ms.
Unloading 1916 Unused Serialized files (Serialized files now loaded: 0)
System memory in use before: 102.6 MB.
System memory in use after: 102.6 MB.

Unloading 15 unused Assets to reduce memory usage. Loaded Objects now: 2490.
Total: 2.036700 ms (FindLiveObjects: 0.160100 ms CreateObjectMapping: 0.061700 ms MarkObjects: 1.759000 ms  DeleteObjects: 0.055200 ms)

========================================================================
Received Prepare
Registering precompiled user dll's ...
Registered in 0.002864 seconds.
Begin MonoManager ReloadAssembly
Native extension for WindowsStandalone target not found
Native extension for WebGL target not found
Refreshing native plugins compatible for Editor in 0.37 ms, found 2 plugins.
Preloading 0 native plugins for Editor in 0.00 ms.
Mono: successfully reloaded assembly
- Completed reload, in  0.923 seconds
Platform modules already initialized, skipping
Refreshing native plugins compatible for Editor in 0.41 ms, found 2 plugins.
Preloading 0 native plugins for Editor in 0.00 ms.
Unloading 1916 Unused Serialized files (Serialized files now loaded: 0)
System memory in use before: 102.6 MB.
System memory in use after: 102.7 MB.

Unloading 15 unused Assets to reduce memory usage. Loaded Objects now: 2493.
Total: 1.729200 ms (FindLiveObjects: 0.164400 ms CreateObjectMapping: 0.063000 ms MarkObjects: 1.447300 ms  DeleteObjects: 0.053500 ms)

========================================================================
Received Prepare
Registering precompiled user dll's ...
Registered in 0.002604 seconds.
Begin MonoManager ReloadAssembly
Native extension for WindowsStandalone target not found
Native extension for WebGL target not found
Refreshing native plugins compatible for Editor in 0.48 ms, found 2 plugins.
Preloading 0 native plugins for Editor in 0.00 ms.
Mono: successfully reloaded assembly
- Completed reload, in  0.895 seconds
Platform modules already initialized, skipping
Refreshing native plugins compatible for Editor in 0.37 ms, found 2 plugins.
Preloading 0 native plugins for Editor in 0.00 ms.
Unloading 1916 Unused Serialized files (Serialized files now loaded: 0)
System memory in use before: 102.6 MB.
System memory in use after: 102.7 MB.

Unloading 15 unused Assets to reduce memory usage. Loaded Objects now: 2496.
Total: 1.825500 ms (FindLiveObjects: 0.169600 ms CreateObjectMapping: 0.062400 ms MarkObjects: 1.543800 ms  DeleteObjects: 0.049100 ms)

========================================================================
Received Import Request.
  Time since last request: 250.342984 seconds.
  path: Assets/Stuffs/Kunai.prefab
  artifactKey: Guid(a9452b797ebc87443b940ba63a99f004) Importer(815301076,1909f56bfc062723c751e8b465ee728b)
Start importing Assets/Stuffs/Kunai.prefab using Guid(a9452b797ebc87443b940ba63a99f004) Importer(815301076,1909f56bfc062723c751e8b465ee728b)  -> (artifact id: '2e8f7cab4618c4bd203ee772eaac415a') in 0.087293 seconds
  Import took 0.090030 seconds .

========================================================================
Received Import Request.
  Time since last request: 2.558893 seconds.
  path: Assets/Stuffs/Kunai.prefab
  artifactKey: Guid(a9452b797ebc87443b940ba63a99f004) Importer(815301076,1909f56bfc062723c751e8b465ee728b)
Start importing Assets/Stuffs/Kunai.prefab using Guid(a9452b797ebc87443b940ba63a99f004) Importer(815301076,1909f56bfc062723c751e8b465ee728b)  -> (artifact id: '53b2862d6d1ef9b4a3da441a0de43d20') in 0.004911 seconds
  Import took 0.007719 seconds .

========================================================================
Received Import Request.
  Time since last request: 0.603226 seconds.
  path: Assets/Stuffs/Kunai.prefab
  artifactKey: Guid(a9452b797ebc87443b940ba63a99f004) Importer(815301076,1909f56bfc062723c751e8b465ee728b)
Start importing Assets/Stuffs/Kunai.prefab using Guid(a9452b797ebc87443b940ba63a99f004) Importer(815301076,1909f56bfc062723c751e8b465ee728b)  -> (artifact id: '1c566e86f01498cb15d40be4bfc1cab4') in 0.004399 seconds
  Import took 0.007656 seconds .

========================================================================
Received Import Request.
  Time since last request: 1.408340 seconds.
  path: Assets/Stuffs/Kunai.prefab
  artifactKey: Guid(a9452b797ebc87443b940ba63a99f004) Importer(815301076,1909f56bfc062723c751e8b465ee728b)
Start importing Assets/Stuffs/Kunai.prefab using Guid(a9452b797ebc87443b940ba63a99f004) Importer(815301076,1909f56bfc062723c751e8b465ee728b)  -> (artifact id: 'dceedb75b2dad77fb53aa958ad933767') in 0.003772 seconds
  Import took 0.006451 seconds .

========================================================================
Received Import Request.
  Time since last request: 2.457524 seconds.
  path: Assets/Stuffs/Kunai.prefab
  artifactKey: Guid(a9452b797ebc87443b940ba63a99f004) Importer(815301076,1909f56bfc062723c751e8b465ee728b)
Start importing Assets/Stuffs/Kunai.prefab using Guid(a9452b797ebc87443b940ba63a99f004) Importer(815301076,1909f56bfc062723c751e8b465ee728b)  -> (artifact id: '5fa82cd0dc695be237d93c6b53ccb152') in 0.004330 seconds
  Import took 0.007585 seconds .

========================================================================
Received Prepare
Registering precompiled user dll's ...
Registered in 0.001847 seconds.
Begin MonoManager ReloadAssembly
Native extension for WindowsStandalone target not found
Native extension for WebGL target not found
Refreshing native plugins compatible for Editor in 0.36 ms, found 2 plugins.
Preloading 0 native plugins for Editor in 0.00 ms.
Mono: successfully reloaded assembly
- Completed reload, in  0.926 seconds
Platform modules already initialized, skipping
Refreshing native plugins compatible for Editor in 0.38 ms, found 2 plugins.
Preloading 0 native plugins for Editor in 0.00 ms.
Unloading 1916 Unused Serialized files (Serialized files now loaded: 0)
System memory in use before: 102.6 MB.
System memory in use after: 102.7 MB.

Unloading 15 unused Assets to reduce memory usage. Loaded Objects now: 2499.
Total: 2.162000 ms (FindLiveObjects: 0.171000 ms CreateObjectMapping: 0.079500 ms MarkObjects: 1.851200 ms  DeleteObjects: 0.059300 ms)

========================================================================
Received Prepare
Registering precompiled user dll's ...
Registered in 0.001818 seconds.
Begin MonoManager ReloadAssembly
Native extension for WindowsStandalone target not found
Native extension for WebGL target not found
Refreshing native plugins compatible for Editor in 0.35 ms, found 2 plugins.
Preloading 0 native plugins for Editor in 0.00 ms.
Mono: successfully reloaded assembly
- Completed reload, in  0.854 seconds
Platform modules already initialized, skipping
Refreshing native plugins compatible for Editor in 0.36 ms, found 2 plugins.
Preloading 0 native plugins for Editor in 0.00 ms.
Unloading 1916 Unused Serialized files (Serialized files now loaded: 0)
System memory in use before: 102.6 MB.
System memory in use after: 102.7 MB.

Unloading 15 unused Assets to reduce memory usage. Loaded Objects now: 2502.
Total: 1.986400 ms (FindLiveObjects: 0.209900 ms CreateObjectMapping: 0.161000 ms MarkObjects: 1.563100 ms  DeleteObjects: 0.051700 ms)

========================================================================
Received Prepare
Registering precompiled user dll's ...
Registered in 0.001964 seconds.
Begin MonoManager ReloadAssembly
Native extension for WindowsStandalone target not found
Native extension for WebGL target not found
Refreshing native plugins compatible for Editor in 0.35 ms, found 2 plugins.
Preloading 0 native plugins for Editor in 0.00 ms.
Mono: successfully reloaded assembly
- Completed reload, in  0.869 seconds
Platform modules already initialized, skipping
Refreshing native plugins compatible for Editor in 0.37 ms, found 2 plugins.
Preloading 0 native plugins for Editor in 0.00 ms.
Unloading 1916 Unused Serialized files (Serialized files now loaded: 0)
System memory in use before: 102.6 MB.
System memory in use after: 102.7 MB.

Unloading 15 unused Assets to reduce memory usage. Loaded Objects now: 2505.
Total: 2.138600 ms (FindLiveObjects: 0.184300 ms CreateObjectMapping: 0.066500 ms MarkObjects: 1.835100 ms  DeleteObjects: 0.051900 ms)

========================================================================
Received Prepare
Registering precompiled user dll's ...
Registered in 0.001898 seconds.
Begin MonoManager ReloadAssembly
Native extension for WindowsStandalone target not found
Native extension for WebGL target not found
Refreshing native plugins compatible for Editor in 0.40 ms, found 2 plugins.
Preloading 0 native plugins for Editor in 0.00 ms.
Mono: successfully reloaded assembly
- Completed reload, in  0.983 seconds
Platform modules already initialized, skipping
Refreshing native plugins compatible for Editor in 0.36 ms, found 2 plugins.
Preloading 0 native plugins for Editor in 0.00 ms.
Unloading 1916 Unused Serialized files (Serialized files now loaded: 0)
System memory in use before: 102.6 MB.
System memory in use after: 102.7 MB.

Unloading 15 unused Assets to reduce memory usage. Loaded Objects now: 2508.
Total: 1.720500 ms (FindLiveObjects: 0.163000 ms CreateObjectMapping: 0.057400 ms MarkObjects: 1.441500 ms  DeleteObjects: 0.057900 ms)

========================================================================
Received Prepare
Registering precompiled user dll's ...
Registered in 0.001927 seconds.
Begin MonoManager ReloadAssembly
Native extension for WindowsStandalone target not found
Native extension for WebGL target not found
Refreshing native plugins compatible for Editor in 0.45 ms, found 2 plugins.
Preloading 0 native plugins for Editor in 0.00 ms.
Mono: successfully reloaded assembly
- Completed reload, in  1.062 seconds
Platform modules already initialized, skipping
Refreshing native plugins compatible for Editor in 0.36 ms, found 2 plugins.
Preloading 0 native plugins for Editor in 0.00 ms.
Unloading 1916 Unused Serialized files (Serialized files now loaded: 0)
System memory in use before: 102.6 MB.
System memory in use after: 102.7 MB.

Unloading 15 unused Assets to reduce memory usage. Loaded Objects now: 2511.
Total: 1.781900 ms (FindLiveObjects: 0.170300 ms CreateObjectMapping: 0.061500 ms MarkObjects: 1.493800 ms  DeleteObjects: 0.055500 ms)

========================================================================
Received Prepare
Registering precompiled user dll's ...
Registered in 0.002793 seconds.
Begin MonoManager ReloadAssembly
Native extension for WindowsStandalone target not found
Native extension for WebGL target not found
Refreshing native plugins compatible for Editor in 0.35 ms, found 2 plugins.
Preloading 0 native plugins for Editor in 0.00 ms.
Mono: successfully reloaded assembly
- Completed reload, in  0.913 seconds
Platform modules already initialized, skipping
Refreshing native plugins compatible for Editor in 0.36 ms, found 2 plugins.
Preloading 0 native plugins for Editor in 0.00 ms.
Unloading 1916 Unused Serialized files (Serialized files now loaded: 0)
System memory in use before: 102.6 MB.
System memory in use after: 102.7 MB.

Unloading 15 unused Assets to reduce memory usage. Loaded Objects now: 2514.
Total: 1.847100 ms (FindLiveObjects: 0.170300 ms CreateObjectMapping: 0.066200 ms MarkObjects: 1.553700 ms  DeleteObjects: 0.056100 ms)

========================================================================
Received Prepare
Registering precompiled user dll's ...
Registered in 0.002365 seconds.
Begin MonoManager ReloadAssembly
Native extension for WindowsStandalone target not found
Native extension for WebGL target not found
Refreshing native plugins compatible for Editor in 0.65 ms, found 2 plugins.
Preloading 0 native plugins for Editor in 0.00 ms.
Mono: successfully reloaded assembly
- Completed reload, in  1.049 seconds
Platform modules already initialized, skipping
Refreshing native plugins compatible for Editor in 0.39 ms, found 2 plugins.
Preloading 0 native plugins for Editor in 0.00 ms.
Unloading 1916 Unused Serialized files (Serialized files now loaded: 0)
System memory in use before: 102.6 MB.
System memory in use after: 102.7 MB.

Unloading 15 unused Assets to reduce memory usage. Loaded Objects now: 2517.
Total: 1.801200 ms (FindLiveObjects: 0.169400 ms CreateObjectMapping: 0.068300 ms MarkObjects: 1.507100 ms  DeleteObjects: 0.055700 ms)

========================================================================
Received Prepare
Registering precompiled user dll's ...
Registered in 0.003929 seconds.
Begin MonoManager ReloadAssembly
Native extension for WindowsStandalone target not found
Native extension for WebGL target not found
Refreshing native plugins compatible for Editor in 0.40 ms, found 2 plugins.
Preloading 0 native plugins for Editor in 0.00 ms.
Mono: successfully reloaded assembly
- Completed reload, in  0.956 seconds
Platform modules already initialized, skipping
Refreshing native plugins compatible for Editor in 0.36 ms, found 2 plugins.
Preloading 0 native plugins for Editor in 0.00 ms.
Unloading 1916 Unused Serialized files (Serialized files now loaded: 0)
System memory in use before: 102.6 MB.
System memory in use after: 102.7 MB.

Unloading 15 unused Assets to reduce memory usage. Loaded Objects now: 2520.
Total: 1.857200 ms (FindLiveObjects: 0.170400 ms CreateObjectMapping: 0.057100 ms MarkObjects: 1.575800 ms  DeleteObjects: 0.053200 ms)

========================================================================
Received Prepare
Registering precompiled user dll's ...
Registered in 0.002070 seconds.
Begin MonoManager ReloadAssembly
Native extension for WindowsStandalone target not found
Native extension for WebGL target not found
Refreshing native plugins compatible for Editor in 0.35 ms, found 2 plugins.
Preloading 0 native plugins for Editor in 0.00 ms.
Mono: successfully reloaded assembly
- Completed reload, in  0.919 seconds
Platform modules already initialized, skipping
Refreshing native plugins compatible for Editor in 0.62 ms, found 2 plugins.
Preloading 0 native plugins for Editor in 0.00 ms.
Unloading 1916 Unused Serialized files (Serialized files now loaded: 0)
System memory in use before: 102.6 MB.
System memory in use after: 102.7 MB.

Unloading 15 unused Assets to reduce memory usage. Loaded Objects now: 2523.
Total: 2.403000 ms (FindLiveObjects: 0.183600 ms CreateObjectMapping: 0.118000 ms MarkObjects: 2.023400 ms  DeleteObjects: 0.077400 ms)

========================================================================
Received Prepare
Registering precompiled user dll's ...
Registered in 0.001929 seconds.
Begin MonoManager ReloadAssembly
Native extension for WindowsStandalone target not found
Native extension for WebGL target not found
Refreshing native plugins compatible for Editor in 0.44 ms, found 2 plugins.
Preloading 0 native plugins for Editor in 0.00 ms.
Mono: successfully reloaded assembly
- Completed reload, in  0.900 seconds
Platform modules already initialized, skipping
Refreshing native plugins compatible for Editor in 0.41 ms, found 2 plugins.
Preloading 0 native plugins for Editor in 0.00 ms.
Unloading 1916 Unused Serialized files (Serialized files now loaded: 0)
System memory in use before: 102.6 MB.
System memory in use after: 102.7 MB.

Unloading 15 unused Assets to reduce memory usage. Loaded Objects now: 2526.
Total: 1.793000 ms (FindLiveObjects: 0.168200 ms CreateObjectMapping: 0.062900 ms MarkObjects: 1.504600 ms  DeleteObjects: 0.056400 ms)

========================================================================
Received Prepare
Registering precompiled user dll's ...
Registered in 0.003632 seconds.
Begin MonoManager ReloadAssembly
Native extension for WindowsStandalone target not found
Native extension for WebGL target not found
Refreshing native plugins compatible for Editor in 0.37 ms, found 2 plugins.
Preloading 0 native plugins for Editor in 0.00 ms.
Mono: successfully reloaded assembly
- Completed reload, in  1.148 seconds
Platform modules already initialized, skipping
Refreshing native plugins compatible for Editor in 0.38 ms, found 2 plugins.
Preloading 0 native plugins for Editor in 0.00 ms.
Unloading 1916 Unused Serialized files (Serialized files now loaded: 0)
System memory in use before: 102.6 MB.
System memory in use after: 102.7 MB.

Unloading 15 unused Assets to reduce memory usage. Loaded Objects now: 2529.
Total: 1.892500 ms (FindLiveObjects: 0.174200 ms CreateObjectMapping: 0.063800 ms MarkObjects: 1.578100 ms  DeleteObjects: 0.075600 ms)

========================================================================
Received Prepare
Registering precompiled user dll's ...
Registered in 0.001935 seconds.
Begin MonoManager ReloadAssembly
Native extension for WindowsStandalone target not found
Native extension for WebGL target not found
Refreshing native plugins compatible for Editor in 0.39 ms, found 2 plugins.
Preloading 0 native plugins for Editor in 0.00 ms.
Mono: successfully reloaded assembly
- Completed reload, in  1.034 seconds
Platform modules already initialized, skipping
Refreshing native plugins compatible for Editor in 0.51 ms, found 2 plugins.
Preloading 0 native plugins for Editor in 0.00 ms.
Unloading 1916 Unused Serialized files (Serialized files now loaded: 0)
System memory in use before: 102.6 MB.
System memory in use after: 102.7 MB.

Unloading 15 unused Assets to reduce memory usage. Loaded Objects now: 2532.
Total: 2.613200 ms (FindLiveObjects: 0.346000 ms CreateObjectMapping: 0.130300 ms MarkObjects: 2.071900 ms  DeleteObjects: 0.063800 ms)

========================================================================
Received Prepare
Registering precompiled user dll's ...
Registered in 0.001796 seconds.
Begin MonoManager ReloadAssembly
Native extension for WindowsStandalone target not found
Native extension for WebGL target not found
Refreshing native plugins compatible for Editor in 0.35 ms, found 2 plugins.
Preloading 0 native plugins for Editor in 0.00 ms.
Mono: successfully reloaded assembly
- Completed reload, in  0.887 seconds
Platform modules already initialized, skipping
Refreshing native plugins compatible for Editor in 0.37 ms, found 2 plugins.
Preloading 0 native plugins for Editor in 0.00 ms.
Unloading 1916 Unused Serialized files (Serialized files now loaded: 0)
System memory in use before: 102.6 MB.
System memory in use after: 102.7 MB.

Unloading 15 unused Assets to reduce memory usage. Loaded Objects now: 2535.
Total: 1.831900 ms (FindLiveObjects: 0.167800 ms CreateObjectMapping: 0.061600 ms MarkObjects: 1.513100 ms  DeleteObjects: 0.088600 ms)

========================================================================
Received Prepare
Registering precompiled user dll's ...
Registered in 0.001962 seconds.
Begin MonoManager ReloadAssembly
Native extension for WindowsStandalone target not found
Native extension for WebGL target not found
Refreshing native plugins compatible for Editor in 0.37 ms, found 2 plugins.
Preloading 0 native plugins for Editor in 0.00 ms.
Mono: successfully reloaded assembly
- Completed reload, in  0.990 seconds
Platform modules already initialized, skipping
Refreshing native plugins compatible for Editor in 0.37 ms, found 2 plugins.
Preloading 0 native plugins for Editor in 0.00 ms.
Unloading 1902 Unused Serialized files (Serialized files now loaded: 0)
System memory in use before: 102.4 MB.
System memory in use after: 102.4 MB.

Unloading 29 unused Assets to reduce memory usage. Loaded Objects now: 2524.
Total: 1.885800 ms (FindLiveObjects: 0.187500 ms CreateObjectMapping: 0.069300 ms MarkObjects: 1.562200 ms  DeleteObjects: 0.065700 ms)

========================================================================
Received Prepare
Registering precompiled user dll's ...
Registered in 0.001794 seconds.
Begin MonoManager ReloadAssembly
Native extension for WindowsStandalone target not found
Native extension for WebGL target not found
Refreshing native plugins compatible for Editor in 0.35 ms, found 2 plugins.
Preloading 0 native plugins for Editor in 0.00 ms.
Mono: successfully reloaded assembly
- Completed reload, in  0.891 seconds
Platform modules already initialized, skipping
Refreshing native plugins compatible for Editor in 0.34 ms, found 2 plugins.
Preloading 0 native plugins for Editor in 0.00 ms.
Unloading 1902 Unused Serialized files (Serialized files now loaded: 0)
System memory in use before: 102.3 MB.
System memory in use after: 102.4 MB.

Unloading 15 unused Assets to reduce memory usage. Loaded Objects now: 2527.
Total: 1.777800 ms (FindLiveObjects: 0.184500 ms CreateObjectMapping: 0.058600 ms MarkObjects: 1.483900 ms  DeleteObjects: 0.050200 ms)

========================================================================
Received Prepare
Registering precompiled user dll's ...
Registered in 0.002279 seconds.
Begin MonoManager ReloadAssembly
Native extension for WindowsStandalone target not found
Native extension for WebGL target not found
Refreshing native plugins compatible for Editor in 0.33 ms, found 2 plugins.
Preloading 0 native plugins for Editor in 0.00 ms.
Mono: successfully reloaded assembly
- Completed reload, in  0.871 seconds
Platform modules already initialized, skipping
Refreshing native plugins compatible for Editor in 0.41 ms, found 2 plugins.
Preloading 0 native plugins for Editor in 0.00 ms.
Unloading 1902 Unused Serialized files (Serialized files now loaded: 0)
System memory in use before: 102.3 MB.
System memory in use after: 102.4 MB.

Unloading 15 unused Assets to reduce memory usage. Loaded Objects now: 2530.
Total: 2.366800 ms (FindLiveObjects: 0.329400 ms CreateObjectMapping: 0.124900 ms MarkObjects: 1.848700 ms  DeleteObjects: 0.062900 ms)

========================================================================
Received Prepare
Registering precompiled user dll's ...
Registered in 0.002457 seconds.
Begin MonoManager ReloadAssembly
Native extension for WindowsStandalone target not found
Native extension for WebGL target not found
Refreshing native plugins compatible for Editor in 0.33 ms, found 2 plugins.
Preloading 0 native plugins for Editor in 0.00 ms.
Mono: successfully reloaded assembly
- Completed reload, in  0.878 seconds
Platform modules already initialized, skipping
Refreshing native plugins compatible for Editor in 0.36 ms, found 2 plugins.
Preloading 0 native plugins for Editor in 0.00 ms.
Unloading 1902 Unused Serialized files (Serialized files now loaded: 0)
System memory in use before: 102.3 MB.
System memory in use after: 102.4 MB.

Unloading 15 unused Assets to reduce memory usage. Loaded Objects now: 2533.
Total: 2.003500 ms (FindLiveObjects: 0.202500 ms CreateObjectMapping: 0.071700 ms MarkObjects: 1.648600 ms  DeleteObjects: 0.080000 ms)

========================================================================
Received Prepare
Registering precompiled user dll's ...
Registered in 0.001875 seconds.
Begin MonoManager ReloadAssembly
Native extension for WindowsStandalone target not found
Native extension for WebGL target not found
Refreshing native plugins compatible for Editor in 0.34 ms, found 2 plugins.
Preloading 0 native plugins for Editor in 0.00 ms.
Mono: successfully reloaded assembly
- Completed reload, in  0.837 seconds
Platform modules already initialized, skipping
Refreshing native plugins compatible for Editor in 0.35 ms, found 2 plugins.
Preloading 0 native plugins for Editor in 0.00 ms.
Unloading 1902 Unused Serialized files (Serialized files now loaded: 0)
System memory in use before: 102.3 MB.
System memory in use after: 102.4 MB.

Unloading 15 unused Assets to reduce memory usage. Loaded Objects now: 2536.
Total: 1.707200 ms (FindLiveObjects: 0.167400 ms CreateObjectMapping: 0.064000 ms MarkObjects: 1.424700 ms  DeleteObjects: 0.050400 ms)

========================================================================
Received Prepare
Registering precompiled user dll's ...
Registered in 0.002699 seconds.
Begin MonoManager ReloadAssembly
Native extension for WindowsStandalone target not found
Native extension for WebGL target not found
Refreshing native plugins compatible for Editor in 0.34 ms, found 2 plugins.
Preloading 0 native plugins for Editor in 0.00 ms.
Mono: successfully reloaded assembly
- Completed reload, in  0.902 seconds
Platform modules already initialized, skipping
Refreshing native plugins compatible for Editor in 0.35 ms, found 2 plugins.
Preloading 0 native plugins for Editor in 0.00 ms.
Unloading 1902 Unused Serialized files (Serialized files now loaded: 0)
System memory in use before: 102.4 MB.
System memory in use after: 102.4 MB.

Unloading 15 unused Assets to reduce memory usage. Loaded Objects now: 2539.
Total: 1.820300 ms (FindLiveObjects: 0.164800 ms CreateObjectMapping: 0.061300 ms MarkObjects: 1.505500 ms  DeleteObjects: 0.071000 ms)

========================================================================
Received Prepare
Registering precompiled user dll's ...
Registered in 0.002405 seconds.
Begin MonoManager ReloadAssembly
Native extension for WindowsStandalone target not found
Native extension for WebGL target not found
Refreshing native plugins compatible for Editor in 0.33 ms, found 2 plugins.
Preloading 0 native plugins for Editor in 0.00 ms.
Mono: successfully reloaded assembly
- Completed reload, in  0.969 seconds
Platform modules already initialized, skipping
Refreshing native plugins compatible for Editor in 0.37 ms, found 2 plugins.
Preloading 0 native plugins for Editor in 0.00 ms.
Unloading 1902 Unused Serialized files (Serialized files now loaded: 0)
System memory in use before: 102.4 MB.
System memory in use after: 102.4 MB.

Unloading 15 unused Assets to reduce memory usage. Loaded Objects now: 2542.
Total: 1.889500 ms (FindLiveObjects: 0.166100 ms CreateObjectMapping: 0.083100 ms MarkObjects: 1.583500 ms  DeleteObjects: 0.056000 ms)

========================================================================
Received Prepare
Registering precompiled user dll's ...
Registered in 0.002330 seconds.
Begin MonoManager ReloadAssembly
Native extension for WindowsStandalone target not found
Native extension for WebGL target not found
Refreshing native plugins compatible for Editor in 0.34 ms, found 2 plugins.
Preloading 0 native plugins for Editor in 0.00 ms.
Mono: successfully reloaded assembly
- Completed reload, in  0.909 seconds
Platform modules already initialized, skipping
Refreshing native plugins compatible for Editor in 0.35 ms, found 2 plugins.
Preloading 0 native plugins for Editor in 0.00 ms.
Unloading 1902 Unused Serialized files (Serialized files now loaded: 0)
System memory in use before: 102.4 MB.
System memory in use after: 102.4 MB.

Unloading 15 unused Assets to reduce memory usage. Loaded Objects now: 2545.
Total: 1.759000 ms (FindLiveObjects: 0.170800 ms CreateObjectMapping: 0.063600 ms MarkObjects: 1.468500 ms  DeleteObjects: 0.055400 ms)

========================================================================
Received Import Request.
  Time since last request: 1382.838526 seconds.
  path: Assets/Stuffs/Kunai.prefab
  artifactKey: Guid(a9452b797ebc87443b940ba63a99f004) Importer(815301076,1909f56bfc062723c751e8b465ee728b)
Start importing Assets/Stuffs/Kunai.prefab using Guid(a9452b797ebc87443b940ba63a99f004) Importer(815301076,1909f56bfc062723c751e8b465ee728b)  -> (artifact id: 'cb5c94c532ea6f3bca5bc5acddf7ac61') in 0.074839 seconds
  Import took 0.078191 seconds .

========================================================================
Received Prepare
Registering precompiled user dll's ...
Registered in 0.002085 seconds.
Begin MonoManager ReloadAssembly
Native extension for WindowsStandalone target not found
Native extension for WebGL target not found
Refreshing native plugins compatible for Editor in 0.32 ms, found 2 plugins.
Preloading 0 native plugins for Editor in 0.00 ms.
Mono: successfully reloaded assembly
- Completed reload, in  0.886 seconds
Platform modules already initialized, skipping
Refreshing native plugins compatible for Editor in 0.37 ms, found 2 plugins.
Preloading 0 native plugins for Editor in 0.00 ms.
Unloading 1902 Unused Serialized files (Serialized files now loaded: 0)
System memory in use before: 102.4 MB.
System memory in use after: 102.5 MB.

Unloading 15 unused Assets to reduce memory usage. Loaded Objects now: 2548.
Total: 1.797200 ms (FindLiveObjects: 0.178600 ms CreateObjectMapping: 0.059000 ms MarkObjects: 1.490000 ms  DeleteObjects: 0.069000 ms)

========================================================================
Received Import Request.
  Time since last request: 1.454079 seconds.
  path: Assets/Stuffs/Kunai.prefab
  artifactKey: Guid(a9452b797ebc87443b940ba63a99f004) Importer(815301076,1909f56bfc062723c751e8b465ee728b)
Start importing Assets/Stuffs/Kunai.prefab using Guid(a9452b797ebc87443b940ba63a99f004) Importer(815301076,1909f56bfc062723c751e8b465ee728b)  -> (artifact id: '6d81eb4d7324e8b189f6056a5d2157eb') in 0.029248 seconds
  Import took 0.032091 seconds .

========================================================================
Received Import Request.
  Time since last request: 1.833702 seconds.
  path: Assets/Stuffs/Kunai.prefab
  artifactKey: Guid(a9452b797ebc87443b940ba63a99f004) Importer(815301076,1909f56bfc062723c751e8b465ee728b)
Start importing Assets/Stuffs/Kunai.prefab using Guid(a9452b797ebc87443b940ba63a99f004) Importer(815301076,1909f56bfc062723c751e8b465ee728b)  -> (artifact id: '6d81eb4d7324e8b189f6056a5d2157eb') in 0.004249 seconds
  Import took 0.007263 seconds .

========================================================================
Received Prepare
Registering precompiled user dll's ...
Registered in 0.001996 seconds.
Begin MonoManager ReloadAssembly
Native extension for WindowsStandalone target not found
Native extension for WebGL target not found
Refreshing native plugins compatible for Editor in 0.41 ms, found 2 plugins.
Preloading 0 native plugins for Editor in 0.00 ms.
Mono: successfully reloaded assembly
- Completed reload, in  0.973 seconds
Platform modules already initialized, skipping
Refreshing native plugins compatible for Editor in 0.36 ms, found 2 plugins.
Preloading 0 native plugins for Editor in 0.00 ms.
Unloading 1902 Unused Serialized files (Serialized files now loaded: 0)
System memory in use before: 102.4 MB.
System memory in use after: 102.5 MB.

Unloading 15 unused Assets to reduce memory usage. Loaded Objects now: 2551.
Total: 1.775300 ms (FindLiveObjects: 0.166600 ms CreateObjectMapping: 0.063000 ms MarkObjects: 1.492000 ms  DeleteObjects: 0.052800 ms)

========================================================================
Received Prepare
Registering precompiled user dll's ...
Registered in 0.001921 seconds.
Begin MonoManager ReloadAssembly
Native extension for WindowsStandalone target not found
Native extension for WebGL target not found
Refreshing native plugins compatible for Editor in 0.34 ms, found 2 plugins.
Preloading 0 native plugins for Editor in 0.00 ms.
Mono: successfully reloaded assembly
- Completed reload, in  0.897 seconds
Platform modules already initialized, skipping
Refreshing native plugins compatible for Editor in 0.36 ms, found 2 plugins.
Preloading 0 native plugins for Editor in 0.00 ms.
Unloading 1902 Unused Serialized files (Serialized files now loaded: 0)
System memory in use before: 102.4 MB.
System memory in use after: 102.5 MB.

Unloading 15 unused Assets to reduce memory usage. Loaded Objects now: 2554.
Total: 1.928900 ms (FindLiveObjects: 0.178900 ms CreateObjectMapping: 0.085400 ms MarkObjects: 1.608000 ms  DeleteObjects: 0.055900 ms)

